<?xml version="1.0" encoding="UTF-8"?>
<testng-results ignored="0" total="1" passed="1" failed="0" skipped="0">
  <reporter-output>
  </reporter-output>
  <suite started-at="2024-06-28T15:24:28 IST" name="Default suite" finished-at="2024-06-28T15:24:30 IST" duration-ms="2482">
    <groups>
    </groups>
    <test started-at="2024-06-28T15:24:28 IST" name="Default test" finished-at="2024-06-28T15:24:30 IST" duration-ms="2482">
      <class name="org.restapi.restAssured">
        <test-method signature="restAssuredPost()[pri:0, instance:org.restapi.restAssured@23f5b5dc]" started-at="2024-06-28T15:24:28 IST" name="restAssuredPost" finished-at="2024-06-28T15:24:30 IST" duration-ms="2429" status="PASS">
          <reporter-output>
          </reporter-output>
        </test-method> <!-- restAssuredPost -->
      </class> <!-- org.restapi.restAssured -->
    </test> <!-- Default test -->
  </suite> <!-- Default suite -->
</testng-results>
