<?xml version="1.0" encoding="UTF-8"?>
<testng-results ignored="0" total="1" passed="1" failed="0" skipped="0">
  <reporter-output>
  </reporter-output>
  <suite started-at="2024-06-28T16:09:44 IST" name="Default suite" finished-at="2024-06-28T16:09:46 IST" duration-ms="2068">
    <groups>
    </groups>
    <test started-at="2024-06-28T16:09:44 IST" name="Default test" finished-at="2024-06-28T16:09:46 IST" duration-ms="2068">
      <class name="org.restapi.restAssured">
        <test-method signature="restAssuredPut()[pri:0, instance:org.restapi.restAssured@34bde49d]" started-at="2024-06-28T16:09:44 IST" name="restAssuredPut" finished-at="2024-06-28T16:09:46 IST" duration-ms="2016" status="PASS">
          <reporter-output>
          </reporter-output>
        </test-method> <!-- restAssuredPut -->
      </class> <!-- org.restapi.restAssured -->
    </test> <!-- Default test -->
  </suite> <!-- Default suite -->
</testng-results>
