<?xml version="1.0" encoding="UTF-8"?>
<!-- Generated by org.testng.reporters.JUnitXMLReporter -->
<testsuite ignored="1" hostname="ManjuVengatesh" failures="0" tests="1" name="Default test" time="2.482" errors="0" timestamp="2024-06-28T15:24:30 IST">
  <testcase classname="org.restapi.restAssured" name="restAssuredPost" time="2.429"/>
  <testcase classname="org.restapi.restAssured" name="restAssuredGet" time="0.0">
    <ignored/>
  </testcase> <!-- restAssuredGet -->
</testsuite> <!-- Default test -->
