<?xml version="1.0" encoding="UTF-8"?>
<!-- Generated by org.testng.reporters.JUnitXMLReporter -->
<testsuite ignored="3" hostname="ManjuVengatesh" failures="0" tests="1" name="Default test" time="2.284" errors="0" timestamp="2024-06-29T21:30:14 IST">
  <testcase classname="org.restapi.restAssured" name="restAssuredPost" time="2.231"/>
  <testcase classname="org.restapi.restAssured" name="AuthenticationBasics" time="0.0">
    <ignored/>
  </testcase> <!-- AuthenticationBasics -->
  <testcase classname="org.restapi.restAssured" name="restAssuredPut" time="0.0">
    <ignored/>
  </testcase> <!-- restAssuredPut -->
  <testcase classname="org.restapi.restAssured" name="restAssuredGet" time="0.0">
    <ignored/>
  </testcase> <!-- restAssuredGet -->
</testsuite> <!-- Default test -->
